  [1m[35m (0.5ms)[0m  [1m[34mSELECT sqlite_version(*)[0m
  ↳ bin/rails:9
  [1m[35m (5.5ms)[0m  [1m[35mCREATE TABLE "schema_migrations" ("version" varchar NOT NULL PRIMARY KEY)[0m
  ↳ bin/rails:9
  [1m[35m (2.7ms)[0m  [1m[35mCREATE TABLE "ar_internal_metadata" ("key" varchar NOT NULL PRIMARY KEY, "value" varchar, "created_at" datetime NOT NULL, "updated_at" datetime NOT NULL)[0m
  ↳ bin/rails:9
  [1m[35m (0.2ms)[0m  [1m[34mSELECT "schema_migrations"."version" FROM "schema_migrations" ORDER BY "schema_migrations"."version" ASC[0m
  ↳ bin/rails:9
Migrating to CreateTeams (20180702220204)
  [1m[35m (0.1ms)[0m  [1m[36mbegin transaction[0m
  ↳ bin/rails:9
  [1m[35m (0.7ms)[0m  [1m[35mCREATE TABLE "teams" ("id" integer PRIMARY KEY AUTOINCREMENT NOT NULL, "created_at" datetime NOT NULL, "updated_at" datetime NOT NULL)[0m
  ↳ db/migrate/20180702220204_create_teams.rb:3
  [1m[36mActiveRecord::SchemaMigration Create (1.7ms)[0m  [1m[32mINSERT INTO "schema_migrations" ("version") VALUES (?)[0m  [["version", "20180702220204"]]
  ↳ bin/rails:9
  [1m[35m (2.1ms)[0m  [1m[36mcommit transaction[0m
  ↳ bin/rails:9
  [1m[36mActiveRecord::InternalMetadata Load (0.2ms)[0m  [1m[34mSELECT  "ar_internal_metadata".* FROM "ar_internal_metadata" WHERE "ar_internal_metadata"."key" = ? LIMIT ?[0m  [["key", "environment"], ["LIMIT", 1]]
  ↳ bin/rails:9
  [1m[35m (0.1ms)[0m  [1m[36mbegin transaction[0m
  ↳ bin/rails:9
  [1m[36mActiveRecord::InternalMetadata Create (0.5ms)[0m  [1m[32mINSERT INTO "ar_internal_metadata" ("key", "value", "created_at", "updated_at") VALUES (?, ?, ?, ?)[0m  [["key", "environment"], ["value", "development"], ["created_at", "2018-07-02 22:02:57.731496"], ["updated_at", "2018-07-02 22:02:57.731496"]]
  ↳ bin/rails:9
  [1m[35m (4.5ms)[0m  [1m[36mcommit transaction[0m
  ↳ bin/rails:9
  [1m[35m (0.3ms)[0m  [1m[34mSELECT "schema_migrations"."version" FROM "schema_migrations" ORDER BY "schema_migrations"."version" ASC[0m
  ↳ bin/rails:9
Started GET "/" for 127.0.0.1 at 2018-07-02 23:08:57 +0100
  [1m[35m (0.4ms)[0m  [1m[34mSELECT "schema_migrations"."version" FROM "schema_migrations" ORDER BY "schema_migrations"."version" ASC[0m
  ↳ /Users/tech-a36/.rbenv/versions/2.4.0/lib/ruby/gems/2.4.0/gems/activerecord-5.2.0/lib/active_record/log_subscriber.rb:98
Processing by Rails::WelcomeController#index as HTML
  Rendering /Users/tech-a36/.rbenv/versions/2.4.0/lib/ruby/gems/2.4.0/gems/railties-5.2.0/lib/rails/templates/rails/welcome/index.html.erb
  Rendered /Users/tech-a36/.rbenv/versions/2.4.0/lib/ruby/gems/2.4.0/gems/railties-5.2.0/lib/rails/templates/rails/welcome/index.html.erb (9.0ms)
Completed 200 OK in 51ms (Views: 32.7ms | ActiveRecord: 0.0ms)


Started GET "/teams" for 127.0.0.1 at 2018-07-02 23:09:04 +0100
Processing by TeamsController#index as HTML
  Rendering teams/index.html.erb within layouts/application
  [1m[36mTeam Load (1.5ms)[0m  [1m[34mSELECT "teams".* FROM "teams"[0m
  ↳ app/views/teams/index.html.erb:13
  Rendered teams/index.html.erb within layouts/application (5.3ms)
Completed 200 OK in 733ms (Views: 721.5ms | ActiveRecord: 1.9ms)


Started GET "/teams/new" for 127.0.0.1 at 2018-07-02 23:09:06 +0100
Processing by TeamsController#new as HTML
  Rendering teams/new.html.erb within layouts/application
  Rendered teams/_form.html.erb (19.4ms)
  Rendered teams/new.html.erb within layouts/application (25.2ms)
Completed 200 OK in 141ms (Views: 121.7ms | ActiveRecord: 1.3ms)


Started POST "/teams" for 127.0.0.1 at 2018-07-02 23:09:08 +0100
Processing by TeamsController#create as HTML
  Parameters: {"utf8"=>"✓", "authenticity_token"=>"/LXm8l9roKaj1H5ulY9auaqvd65UyYbjefoXP+wz6SNilDfiBfPB8UV8GYs6BrM2AjXr6HuU7N2Ky1NMGUgnoQ==", "commit"=>"Create Team"}
  [1m[35m (0.1ms)[0m  [1m[36mbegin transaction[0m
  ↳ app/controllers/teams_controller.rb:30
  [1m[36mTeam Create (2.2ms)[0m  [1m[32mINSERT INTO "teams" ("created_at", "updated_at") VALUES (?, ?)[0m  [["created_at", "2018-07-02 22:09:08.310192"], ["updated_at", "2018-07-02 22:09:08.310192"]]
  ↳ app/controllers/teams_controller.rb:30
  [1m[35m (2.1ms)[0m  [1m[36mcommit transaction[0m
  ↳ app/controllers/teams_controller.rb:30
Redirected to http://localhost:3000/teams/1
Completed 302 Found in 13ms (ActiveRecord: 4.4ms)


Started GET "/teams/1" for 127.0.0.1 at 2018-07-02 23:09:08 +0100
Processing by TeamsController#show as HTML
  Parameters: {"id"=>"1"}
  [1m[36mTeam Load (0.4ms)[0m  [1m[34mSELECT  "teams".* FROM "teams" WHERE "teams"."id" = ? LIMIT ?[0m  [["id", 1], ["LIMIT", 1]]
  ↳ app/controllers/teams_controller.rb:67
  Rendering teams/show.html.erb within layouts/application
  Rendered teams/show.html.erb within layouts/application (1.0ms)
Completed 200 OK in 50ms (Views: 37.1ms | ActiveRecord: 0.4ms)


Started GET "/teams" for 127.0.0.1 at 2018-07-02 23:09:18 +0100
Processing by TeamsController#index as HTML
  Rendering teams/index.html.erb within layouts/application
  [1m[36mTeam Load (0.2ms)[0m  [1m[34mSELECT "teams".* FROM "teams"[0m
  ↳ app/views/teams/index.html.erb:13
  Rendered teams/index.html.erb within layouts/application (2.8ms)
Completed 200 OK in 39ms (Views: 35.6ms | ActiveRecord: 0.2ms)


Started GET "/teams/new" for 127.0.0.1 at 2018-07-02 23:09:20 +0100
Processing by TeamsController#new as HTML
  Rendering teams/new.html.erb within layouts/application
  Rendered teams/_form.html.erb (3.7ms)
  Rendered teams/new.html.erb within layouts/application (7.7ms)
Completed 200 OK in 47ms (Views: 41.5ms | ActiveRecord: 0.0ms)


Started POST "/teams" for 127.0.0.1 at 2018-07-02 23:09:23 +0100
Processing by TeamsController#create as HTML
  Parameters: {"utf8"=>"✓", "authenticity_token"=>"HQsoE5HlujVEa0VeX7wljAB+gOhh6lddnYC+qN4BErmDKvkDy33bYqLDIrvwNcwDqOQcrk63PWNusfrbK3rcOw==", "commit"=>"Create Team"}
  [1m[35m (0.1ms)[0m  [1m[36mbegin transaction[0m
  ↳ app/controllers/teams_controller.rb:30
  [1m[36mTeam Create (0.4ms)[0m  [1m[32mINSERT INTO "teams" ("created_at", "updated_at") VALUES (?, ?)[0m  [["created_at", "2018-07-02 22:09:23.805797"], ["updated_at", "2018-07-02 22:09:23.805797"]]
  ↳ app/controllers/teams_controller.rb:30
  [1m[35m (1.7ms)[0m  [1m[36mcommit transaction[0m
  ↳ app/controllers/teams_controller.rb:30
Redirected to http://localhost:3000/teams/2
Completed 302 Found in 8ms (ActiveRecord: 2.2ms)


Started GET "/teams/2" for 127.0.0.1 at 2018-07-02 23:09:23 +0100
Processing by TeamsController#show as HTML
  Parameters: {"id"=>"2"}
  [1m[36mTeam Load (0.3ms)[0m  [1m[34mSELECT  "teams".* FROM "teams" WHERE "teams"."id" = ? LIMIT ?[0m  [["id", 2], ["LIMIT", 1]]
  ↳ app/controllers/teams_controller.rb:67
  Rendering teams/show.html.erb within layouts/application
  Rendered teams/show.html.erb within layouts/application (1.0ms)
Completed 200 OK in 44ms (Views: 38.6ms | ActiveRecord: 0.3ms)


Started GET "/teams/2/edit" for 127.0.0.1 at 2018-07-02 23:09:25 +0100
Processing by TeamsController#edit as HTML
  Parameters: {"id"=>"2"}
  [1m[36mTeam Load (0.2ms)[0m  [1m[34mSELECT  "teams".* FROM "teams" WHERE "teams"."id" = ? LIMIT ?[0m  [["id", 2], ["LIMIT", 1]]
  ↳ app/controllers/teams_controller.rb:67
  Rendering teams/edit.html.erb within layouts/application
  Rendered teams/_form.html.erb (1.8ms)
  Rendered teams/edit.html.erb within layouts/application (7.7ms)
Completed 200 OK in 51ms (Views: 44.8ms | ActiveRecord: 0.2ms)


Started GET "/teams/2" for 127.0.0.1 at 2018-07-02 23:09:28 +0100
Processing by TeamsController#show as HTML
  Parameters: {"id"=>"2"}
  [1m[36mTeam Load (0.2ms)[0m  [1m[34mSELECT  "teams".* FROM "teams" WHERE "teams"."id" = ? LIMIT ?[0m  [["id", 2], ["LIMIT", 1]]
  ↳ app/controllers/teams_controller.rb:67
  Rendering teams/show.html.erb within layouts/application
  Rendered teams/show.html.erb within layouts/application (0.8ms)
Completed 200 OK in 49ms (Views: 42.2ms | ActiveRecord: 0.2ms)


Started GET "/teams/2/edit" for 127.0.0.1 at 2018-07-02 23:09:29 +0100
Processing by TeamsController#edit as HTML
  Parameters: {"id"=>"2"}
  [1m[36mTeam Load (0.2ms)[0m  [1m[34mSELECT  "teams".* FROM "teams" WHERE "teams"."id" = ? LIMIT ?[0m  [["id", 2], ["LIMIT", 1]]
  ↳ app/controllers/teams_controller.rb:67
  Rendering teams/edit.html.erb within layouts/application
  Rendered teams/_form.html.erb (17.5ms)
  Rendered teams/edit.html.erb within layouts/application (21.4ms)
Completed 200 OK in 56ms (Views: 50.5ms | ActiveRecord: 0.2ms)


Started PATCH "/teams/2" for 127.0.0.1 at 2018-07-02 23:09:30 +0100
Processing by TeamsController#update as HTML
  Parameters: {"utf8"=>"✓", "authenticity_token"=>"daCMc9ktuidlLGTqBE5XmfKwDcaM//Y0yV8XGbWYVEH0ZxPdjQpq7Cii6R8omWoQEVlWQJZXn+vjbCD0wvh2qQ==", "commit"=>"Update Team", "id"=>"2"}
  [1m[36mTeam Load (0.2ms)[0m  [1m[34mSELECT  "teams".* FROM "teams" WHERE "teams"."id" = ? LIMIT ?[0m  [["id", 2], ["LIMIT", 1]]
  ↳ app/controllers/teams_controller.rb:67
  [1m[35m (0.1ms)[0m  [1m[36mbegin transaction[0m
  ↳ app/controllers/teams_controller.rb:44
  [1m[35m (0.0ms)[0m  [1m[36mcommit transaction[0m
  ↳ app/controllers/teams_controller.rb:44
Redirected to http://localhost:3000/teams/2
Completed 302 Found in 5ms (ActiveRecord: 0.3ms)


Started GET "/teams/2" for 127.0.0.1 at 2018-07-02 23:09:30 +0100
Processing by TeamsController#show as HTML
  Parameters: {"id"=>"2"}
  [1m[36mTeam Load (0.2ms)[0m  [1m[34mSELECT  "teams".* FROM "teams" WHERE "teams"."id" = ? LIMIT ?[0m  [["id", 2], ["LIMIT", 1]]
  ↳ app/controllers/teams_controller.rb:67
  Rendering teams/show.html.erb within layouts/application
  Rendered teams/show.html.erb within layouts/application (0.6ms)
Completed 200 OK in 34ms (Views: 27.4ms | ActiveRecord: 0.2ms)


Started GET "/teams" for 127.0.0.1 at 2018-07-02 23:09:35 +0100
Processing by TeamsController#index as HTML
  Rendering teams/index.html.erb within layouts/application
  [1m[36mTeam Load (0.2ms)[0m  [1m[34mSELECT "teams".* FROM "teams"[0m
  ↳ app/views/teams/index.html.erb:13
  Rendered teams/index.html.erb within layouts/application (2.8ms)
Completed 200 OK in 36ms (Views: 31.8ms | ActiveRecord: 0.2ms)


Started DELETE "/teams/1" for 127.0.0.1 at 2018-07-02 23:09:38 +0100
Processing by TeamsController#destroy as HTML
  Parameters: {"authenticity_token"=>"tO+hVwqTWruJ/av8NQM6e2QtR1giALS1BxUHcmaoH76R4hBmxGNDN69GRSIq9gnXguc1h57PLyAWTBqZ+Mz2HA==", "id"=>"1"}
  [1m[36mTeam Load (0.3ms)[0m  [1m[34mSELECT  "teams".* FROM "teams" WHERE "teams"."id" = ? LIMIT ?[0m  [["id", 1], ["LIMIT", 1]]
  ↳ app/controllers/teams_controller.rb:67
  [1m[35m (0.1ms)[0m  [1m[36mbegin transaction[0m
  ↳ app/controllers/teams_controller.rb:57
  [1m[36mTeam Destroy (0.6ms)[0m  [1m[31mDELETE FROM "teams" WHERE "teams"."id" = ?[0m  [["id", 1]]
  ↳ app/controllers/teams_controller.rb:57
  [1m[35m (1.9ms)[0m  [1m[36mcommit transaction[0m
  ↳ app/controllers/teams_controller.rb:57
Redirected to http://localhost:3000/teams
Completed 302 Found in 9ms (ActiveRecord: 2.9ms)


Started GET "/teams" for 127.0.0.1 at 2018-07-02 23:09:38 +0100
Processing by TeamsController#index as HTML
  Rendering teams/index.html.erb within layouts/application
  [1m[36mTeam Load (0.2ms)[0m  [1m[34mSELECT "teams".* FROM "teams"[0m
  ↳ app/views/teams/index.html.erb:13
  Rendered teams/index.html.erb within layouts/application (2.0ms)
Completed 200 OK in 29ms (Views: 26.2ms | ActiveRecord: 0.2ms)


Started DELETE "/teams/2" for 127.0.0.1 at 2018-07-02 23:09:39 +0100
Processing by TeamsController#destroy as HTML
  Parameters: {"authenticity_token"=>"6ODEpeMiLkxQTBXexkomPNL2Ga4t1skGaTPOhs/q+kbN7XWULdI3wHb3+wDZvxWQNDxrcZEZUpN4atNtUY4T5A==", "id"=>"2"}
  [1m[36mTeam Load (0.2ms)[0m  [1m[34mSELECT  "teams".* FROM "teams" WHERE "teams"."id" = ? LIMIT ?[0m  [["id", 2], ["LIMIT", 1]]
  ↳ app/controllers/teams_controller.rb:67
  [1m[35m (0.1ms)[0m  [1m[36mbegin transaction[0m
  ↳ app/controllers/teams_controller.rb:57
  [1m[36mTeam Destroy (0.8ms)[0m  [1m[31mDELETE FROM "teams" WHERE "teams"."id" = ?[0m  [["id", 2]]
  ↳ app/controllers/teams_controller.rb:57
  [1m[35m (2.0ms)[0m  [1m[36mcommit transaction[0m
  ↳ app/controllers/teams_controller.rb:57
Redirected to http://localhost:3000/teams
Completed 302 Found in 12ms (ActiveRecord: 3.1ms)


Started GET "/teams" for 127.0.0.1 at 2018-07-02 23:09:39 +0100
Processing by TeamsController#index as HTML
  Rendering teams/index.html.erb within layouts/application
  [1m[36mTeam Load (0.2ms)[0m  [1m[34mSELECT "teams".* FROM "teams"[0m
  ↳ app/views/teams/index.html.erb:13
  Rendered teams/index.html.erb within layouts/application (1.8ms)
Completed 200 OK in 32ms (Views: 29.4ms | ActiveRecord: 0.2ms)


Started GET "/teams_forms" for 127.0.0.1 at 2018-07-02 23:10:50 +0100
  
ActionController::RoutingError (No route matches [GET] "/teams_forms"):
  
actionpack (5.2.0) lib/action_dispatch/middleware/debug_exceptions.rb:65:in `call'
web-console (3.6.2) lib/web_console/middleware.rb:135:in `call_app'
web-console (3.6.2) lib/web_console/middleware.rb:30:in `block in call'
web-console (3.6.2) lib/web_console/middleware.rb:20:in `catch'
web-console (3.6.2) lib/web_console/middleware.rb:20:in `call'
actionpack (5.2.0) lib/action_dispatch/middleware/show_exceptions.rb:33:in `call'
railties (5.2.0) lib/rails/rack/logger.rb:38:in `call_app'
railties (5.2.0) lib/rails/rack/logger.rb:26:in `block in call'
activesupport (5.2.0) lib/active_support/tagged_logging.rb:71:in `block in tagged'
activesupport (5.2.0) lib/active_support/tagged_logging.rb:28:in `tagged'
activesupport (5.2.0) lib/active_support/tagged_logging.rb:71:in `tagged'
railties (5.2.0) lib/rails/rack/logger.rb:26:in `call'
sprockets-rails (3.2.1) lib/sprockets/rails/quiet_assets.rb:13:in `call'
actionpack (5.2.0) lib/action_dispatch/middleware/remote_ip.rb:81:in `call'
actionpack (5.2.0) lib/action_dispatch/middleware/request_id.rb:27:in `call'
rack (2.0.5) lib/rack/method_override.rb:22:in `call'
rack (2.0.5) lib/rack/runtime.rb:22:in `call'
activesupport (5.2.0) lib/active_support/cache/strategy/local_cache_middleware.rb:29:in `call'
actionpack (5.2.0) lib/action_dispatch/middleware/executor.rb:14:in `call'
actionpack (5.2.0) lib/action_dispatch/middleware/static.rb:127:in `call'
rack (2.0.5) lib/rack/sendfile.rb:111:in `call'
railties (5.2.0) lib/rails/engine.rb:524:in `call'
puma (3.11.4) lib/puma/configuration.rb:225:in `call'
puma (3.11.4) lib/puma/server.rb:632:in `handle_request'
puma (3.11.4) lib/puma/server.rb:446:in `process_client'
puma (3.11.4) lib/puma/server.rb:306:in `block in run'
puma (3.11.4) lib/puma/thread_pool.rb:120:in `block in spawn_thread'
Started GET "/teams/_form" for 127.0.0.1 at 2018-07-02 23:11:00 +0100
Processing by TeamsController#show as HTML
  Parameters: {"id"=>"_form"}
  [1m[36mTeam Load (0.1ms)[0m  [1m[34mSELECT  "teams".* FROM "teams" WHERE "teams"."id" = ? LIMIT ?[0m  [["id", 0], ["LIMIT", 1]]
  ↳ app/controllers/teams_controller.rb:68
Completed 404 Not Found in 8ms (ActiveRecord: 0.8ms)


  
ActiveRecord::RecordNotFound (Couldn't find Team with 'id'=_form):
  
app/controllers/teams_controller.rb:68:in `set_team'
Started GET "/teams/form" for 127.0.0.1 at 2018-07-02 23:11:14 +0100
Processing by TeamsController#show as HTML
  Parameters: {"id"=>"form"}
  [1m[36mTeam Load (0.1ms)[0m  [1m[34mSELECT  "teams".* FROM "teams" WHERE "teams"."id" = ? LIMIT ?[0m  [["id", 0], ["LIMIT", 1]]
  ↳ app/controllers/teams_controller.rb:68
Completed 404 Not Found in 2ms (ActiveRecord: 0.1ms)


  
ActiveRecord::RecordNotFound (Couldn't find Team with 'id'=form):
  
app/controllers/teams_controller.rb:68:in `set_team'
Started GET "/teams/form" for 127.0.0.1 at 2018-07-02 23:11:47 +0100
Processing by TeamsController#show as HTML
  Parameters: {"id"=>"form"}
  [1m[36mTeam Load (0.1ms)[0m  [1m[34mSELECT  "teams".* FROM "teams" WHERE "teams"."id" = ? LIMIT ?[0m  [["id", 0], ["LIMIT", 1]]
  ↳ app/controllers/teams_controller.rb:68
Completed 404 Not Found in 2ms (ActiveRecord: 0.1ms)


  
ActiveRecord::RecordNotFound (Couldn't find Team with 'id'=form):
  
app/controllers/teams_controller.rb:68:in `set_team'
Started GET "/teams" for 127.0.0.1 at 2018-07-02 23:11:51 +0100
Processing by TeamsController#index as HTML
  Rendering teams/index.html.erb within layouts/application
  [1m[36mTeam Load (0.3ms)[0m  [1m[34mSELECT "teams".* FROM "teams"[0m
  ↳ app/views/teams/index.html.erb:13
  Rendered teams/index.html.erb within layouts/application (2.8ms)
Completed 200 OK in 27ms (Views: 24.4ms | ActiveRecord: 0.3ms)


Started GET "/teams/new" for 127.0.0.1 at 2018-07-02 23:11:53 +0100
Processing by TeamsController#new as HTML
  Rendering teams/new.html.erb within layouts/application
  Rendered teams/_form.html.erb (2.2ms)
  Rendered teams/new.html.erb within layouts/application (5.9ms)
Completed 200 OK in 44ms (Views: 32.1ms | ActiveRecord: 0.0ms)


Started GET "/teams" for 127.0.0.1 at 2018-07-02 23:11:54 +0100
Processing by TeamsController#index as HTML
  Rendering teams/index.html.erb within layouts/application
  [1m[36mTeam Load (0.2ms)[0m  [1m[34mSELECT "teams".* FROM "teams"[0m
  ↳ app/views/teams/index.html.erb:13
  Rendered teams/index.html.erb within layouts/application (2.1ms)
Completed 200 OK in 50ms (Views: 45.3ms | ActiveRecord: 0.2ms)


Started GET "/teams/new" for 127.0.0.1 at 2018-07-02 23:11:56 +0100
Processing by TeamsController#new as HTML
  Rendering teams/new.html.erb within layouts/application
  Rendered teams/_form.html.erb (2.3ms)
  Rendered teams/new.html.erb within layouts/application (6.9ms)
Completed 200 OK in 49ms (Views: 40.8ms | ActiveRecord: 0.0ms)


Started POST "/teams" for 127.0.0.1 at 2018-07-02 23:11:56 +0100
Processing by TeamsController#create as HTML
  Parameters: {"utf8"=>"✓", "authenticity_token"=>"G+GHo9tEGrgnYNEhicSjpMbQD2V2KyVBkdan/L01umGFwFazgdx778HItsQmTUorbkqTI1l2T39i5+OPSE504w==", "commit"=>"Create Team"}
  [1m[35m (0.1ms)[0m  [1m[36mbegin transaction[0m
  ↳ app/controllers/teams_controller.rb:31
  [1m[36mTeam Create (0.8ms)[0m  [1m[32mINSERT INTO "teams" ("created_at", "updated_at") VALUES (?, ?)[0m  [["created_at", "2018-07-02 22:11:56.797324"], ["updated_at", "2018-07-02 22:11:56.797324"]]
  ↳ app/controllers/teams_controller.rb:31
  [1m[35m (1.9ms)[0m  [1m[36mcommit transaction[0m
  ↳ app/controllers/teams_controller.rb:31
Redirected to http://localhost:3000/teams/3
Completed 302 Found in 10ms (ActiveRecord: 2.8ms)


Started GET "/teams/3" for 127.0.0.1 at 2018-07-02 23:11:56 +0100
Processing by TeamsController#show as HTML
  Parameters: {"id"=>"3"}
  [1m[36mTeam Load (0.2ms)[0m  [1m[34mSELECT  "teams".* FROM "teams" WHERE "teams"."id" = ? LIMIT ?[0m  [["id", 3], ["LIMIT", 1]]
  ↳ app/controllers/teams_controller.rb:68
  Rendering teams/show.html.erb within layouts/application
  Rendered teams/show.html.erb within layouts/application (2.2ms)
Completed 200 OK in 46ms (Views: 42.2ms | ActiveRecord: 0.2ms)


Started GET "/teams" for 127.0.0.1 at 2018-07-02 23:11:57 +0100
Processing by TeamsController#index as HTML
  Rendering teams/index.html.erb within layouts/application
  [1m[36mTeam Load (0.2ms)[0m  [1m[34mSELECT "teams".* FROM "teams"[0m
  ↳ app/views/teams/index.html.erb:13
  Rendered teams/index.html.erb within layouts/application (3.1ms)
Completed 200 OK in 37ms (Views: 33.1ms | ActiveRecord: 0.2ms)


Started DELETE "/teams/3" for 127.0.0.1 at 2018-07-02 23:12:00 +0100
Processing by TeamsController#destroy as HTML
  Parameters: {"authenticity_token"=>"Rvwuk9gmncd/BeuNE9FKR9RlXBZjpnUcFK9QsqVkYYVj8Z+iFtaES1m+BVMMJHnrMq8uyd9p7okF9k1ZOwCIJw==", "id"=>"3"}
  [1m[36mTeam Load (0.3ms)[0m  [1m[34mSELECT  "teams".* FROM "teams" WHERE "teams"."id" = ? LIMIT ?[0m  [["id", 3], ["LIMIT", 1]]
  ↳ app/controllers/teams_controller.rb:68
  [1m[35m (0.1ms)[0m  [1m[36mbegin transaction[0m
  ↳ app/controllers/teams_controller.rb:58
  [1m[36mTeam Destroy (0.4ms)[0m  [1m[31mDELETE FROM "teams" WHERE "teams"."id" = ?[0m  [["id", 3]]
  ↳ app/controllers/teams_controller.rb:58
  [1m[35m (1.7ms)[0m  [1m[36mcommit transaction[0m
  ↳ app/controllers/teams_controller.rb:58
Redirected to http://localhost:3000/teams
Completed 302 Found in 9ms (ActiveRecord: 2.5ms)


Started GET "/teams" for 127.0.0.1 at 2018-07-02 23:12:00 +0100
Processing by TeamsController#index as HTML
  Rendering teams/index.html.erb within layouts/application
  [1m[36mTeam Load (0.3ms)[0m  [1m[34mSELECT "teams".* FROM "teams"[0m
  ↳ app/views/teams/index.html.erb:13
  Rendered teams/index.html.erb within layouts/application (2.1ms)
Completed 200 OK in 35ms (Views: 31.7ms | ActiveRecord: 0.3ms)


Started GET "/teams" for 127.0.0.1 at 2018-07-02 23:13:44 +0100
  [1m[35m (0.2ms)[0m  [1m[34mSELECT "schema_migrations"."version" FROM "schema_migrations" ORDER BY "schema_migrations"."version" ASC[0m
  ↳ /Users/tech-a36/.rbenv/versions/2.4.0/lib/ruby/gems/2.4.0/gems/activerecord-5.2.0/lib/active_record/log_subscriber.rb:98
Processing by TeamsController#index as HTML
  Rendering teams/index.html.erb within layouts/application
  [1m[36mTeam Load (0.3ms)[0m  [1m[34mSELECT "teams".* FROM "teams"[0m
  ↳ app/views/teams/index.html.erb:13
  Rendered teams/index.html.erb within layouts/application (8.1ms)
Completed 200 OK in 310ms (Views: 296.4ms | ActiveRecord: 0.7ms)


Started GET "/teams" for 127.0.0.1 at 2018-07-02 23:14:52 +0100
Processing by TeamsController#index as HTML
  Rendering teams/index.html.erb within layouts/application
  [1m[36mTeam Load (0.3ms)[0m  [1m[34mSELECT "teams".* FROM "teams"[0m
  ↳ app/views/teams/index.html.erb:13
  Rendered teams/index.html.erb within layouts/application (3.3ms)
Completed 200 OK in 29ms (Views: 24.5ms | ActiveRecord: 0.7ms)


Started GET "/teams/new" for 127.0.0.1 at 2018-07-02 23:15:05 +0100
Processing by TeamsController#new as HTML
  Rendering teams/new.html.erb within layouts/application
  Rendered teams/_form.html.erb (7.7ms)
  Rendered teams/new.html.erb within layouts/application (11.5ms)
Completed 200 OK in 64ms (Views: 57.3ms | ActiveRecord: 0.4ms)


Started GET "/teams/new" for 127.0.0.1 at 2018-07-02 23:15:47 +0100
Processing by TeamsController#new as HTML
  Rendering teams/new.html.erb within layouts/application
  Rendered teams/_form.html.erb (1.1ms)
  Rendered teams/new.html.erb within layouts/application (3.6ms)
Completed 200 OK in 28ms (Views: 25.5ms | ActiveRecord: 0.0ms)


